This is pdfTeX, Version 3.141592653-2.6-1.40.25 (MiKTeX 24.1) (preloaded format=pdflatex 2026.1.1)  1 JAN 2026 16:39
entering extended mode
 restricted \write18 enabled.
 %&-line parsing enabled.
**./CSE3206_Project_Review.tex
(CSE3206_Project_Review.tex
LaTeX2e <2023-11-01> patch level 1
L3 programming layer <2024-01-04>
(C:\Users\Hp\New folder\New folder\tex/latex/base\article.cls
Document Class: article 2023/05/17 v1.4n Standard LaTeX document class
(C:\Users\Hp\New folder\New folder\tex/latex/base\size12.clo
File: size12.clo 2023/05/17 v1.4n Standard LaTeX file (size option)
)
\c@part=\count187
\c@section=\count188
\c@subsection=\count189
\c@subsubsection=\count190
\c@paragraph=\count191
\c@subparagraph=\count192
\c@figure=\count193
\c@table=\count194
\abovecaptionskip=\skip48
\belowcaptionskip=\skip49
\bibindent=\dimen140
)
(C:\Users\Hp\New folder\New folder\tex/latex/geometry\geometry.sty
Package: geometry 2020/01/02 v5.9 Page Geometry

(C:\Users\Hp\New folder\New folder\tex/latex/graphics\keyval.sty
Package: keyval 2022/05/29 v1.15 key=value parser (DPC)
\KV@toks@=\toks17
)
(C:\Users\Hp\New folder\New folder\tex/generic/iftex\ifvtex.sty
Package: ifvtex 2019/10/25 v1.7 ifvtex legacy package. Use iftex instead.

(C:\Users\Hp\New folder\New folder\tex/generic/iftex\iftex.sty
Package: iftex 2022/02/03 v1.0f TeX engine tests
))
\Gm@cnth=\count195
\Gm@cntv=\count196
\c@Gm@tempcnt=\count197
\Gm@bindingoffset=\dimen141
\Gm@wd@mp=\dimen142
\Gm@odd@mp=\dimen143
\Gm@even@mp=\dimen144
\Gm@layoutwidth=\dimen145
\Gm@layoutheight=\dimen146
\Gm@layouthoffset=\dimen147
\Gm@layoutvoffset=\dimen148
\Gm@dimlist=\toks18

(C:\Users\Hp\New folder\New folder\tex/latex/geometry\geometry.cfg))
(C:\Users\Hp\New folder\New folder\tex/latex/graphics\graphicx.sty
Package: graphicx 2021/09/16 v1.2d Enhanced LaTeX Graphics (DPC,SPQR)

(C:\Users\Hp\New folder\New folder\tex/latex/graphics\graphics.sty
Package: graphics 2022/03/10 v1.4e Standard LaTeX Graphics (DPC,SPQR)

(C:\Users\Hp\New folder\New folder\tex/latex/graphics\trig.sty
Package: trig 2021/08/11 v1.11 sin cos tan (DPC)
)
(C:\Users\Hp\New folder\New folder\tex/latex/graphics-cfg\graphics.cfg
File: graphics.cfg 2016/06/04 v1.11 sample graphics configuration
)
Package graphics Info: Driver file: pdftex.def on input line 107.

(C:\Users\Hp\New folder\New folder\tex/latex/graphics-def\pdftex.def
File: pdftex.def 2022/09/22 v1.2b Graphics/color driver for pdftex
))
\Gin@req@height=\dimen149
\Gin@req@width=\dimen150
)
(C:\Users\Hp\New folder\New folder\tex/latex/pgf/frontendlayer\tikz.sty
(C:\Users\Hp\New folder\New folder\tex/latex/pgf/basiclayer\pgf.sty
(C:\Users\Hp\New folder\New folder\tex/latex/pgf/utilities\pgfrcs.sty
(C:\Users\Hp\New folder\New folder\tex/generic/pgf/utilities\pgfutil-common.tex
\pgfutil@everybye=\toks19
\pgfutil@tempdima=\dimen151
\pgfutil@tempdimb=\dimen152
)
(C:\Users\Hp\New folder\New folder\tex/generic/pgf/utilities\pgfutil-latex.def
\pgfutil@abb=\box51
) (C:\Users\Hp\New folder\New folder\tex/generic/pgf/utilities\pgfrcs.code.tex
(C:\Users\Hp\New folder\New folder\tex/generic/pgf\pgf.revision.tex)
Package: pgfrcs 2023-01-15 v3.1.10 (3.1.10)
))
Package: pgf 2023-01-15 v3.1.10 (3.1.10)

(C:\Users\Hp\New folder\New folder\tex/latex/pgf/basiclayer\pgfcore.sty
(C:\Users\Hp\New folder\New folder\tex/latex/pgf/systemlayer\pgfsys.sty
(C:\Users\Hp\New folder\New folder\tex/generic/pgf/systemlayer\pgfsys.code.tex
Package: pgfsys 2023-01-15 v3.1.10 (3.1.10)

(C:\Users\Hp\New folder\New folder\tex/generic/pgf/utilities\pgfkeys.code.tex
\pgfkeys@pathtoks=\toks20
\pgfkeys@temptoks=\toks21

(C:\Users\Hp\New folder\New folder\tex/generic/pgf/utilities\pgfkeyslibraryfilt
ered.code.tex
\pgfkeys@tmptoks=\toks22
))
\pgf@x=\dimen153
\pgf@y=\dimen154
\pgf@xa=\dimen155
\pgf@ya=\dimen156
\pgf@xb=\dimen157
\pgf@yb=\dimen158
\pgf@xc=\dimen159
\pgf@yc=\dimen160
\pgf@xd=\dimen161
\pgf@yd=\dimen162
\w@pgf@writea=\write3
\r@pgf@reada=\read2
\c@pgf@counta=\count198
\c@pgf@countb=\count199
\c@pgf@countc=\count266
\c@pgf@countd=\count267
\t@pgf@toka=\toks23
\t@pgf@tokb=\toks24
\t@pgf@tokc=\toks25
\pgf@sys@id@count=\count268

(C:\Users\Hp\New folder\New folder\tex/generic/pgf/systemlayer\pgf.cfg
File: pgf.cfg 2023-01-15 v3.1.10 (3.1.10)
)
Driver file for pgf: pgfsys-pdftex.def

(C:\Users\Hp\New folder\New folder\tex/generic/pgf/systemlayer\pgfsys-pdftex.de
f
File: pgfsys-pdftex.def 2023-01-15 v3.1.10 (3.1.10)

(C:\Users\Hp\New folder\New folder\tex/generic/pgf/systemlayer\pgfsys-common-pd
f.def
File: pgfsys-common-pdf.def 2023-01-15 v3.1.10 (3.1.10)
)))
(C:\Users\Hp\New folder\New folder\tex/generic/pgf/systemlayer\pgfsyssoftpath.c
ode.tex
File: pgfsyssoftpath.code.tex 2023-01-15 v3.1.10 (3.1.10)
\pgfsyssoftpath@smallbuffer@items=\count269
\pgfsyssoftpath@bigbuffer@items=\count270
)
(C:\Users\Hp\New folder\New folder\tex/generic/pgf/systemlayer\pgfsysprotocol.c
ode.tex
File: pgfsysprotocol.code.tex 2023-01-15 v3.1.10 (3.1.10)
)) (C:\Users\Hp\New folder\New folder\tex/latex/xcolor\xcolor.sty
Package: xcolor 2023/11/15 v3.01 LaTeX color extensions (UK)

(C:\Users\Hp\New folder\New folder\tex/latex/graphics-cfg\color.cfg
File: color.cfg 2016/01/02 v1.6 sample color configuration
)
Package xcolor Info: Driver file: pdftex.def on input line 274.

(C:\Users\Hp\New folder\New folder\tex/latex/graphics\mathcolor.ltx)
Package xcolor Info: Model `cmy' substituted by `cmy0' on input line 1350.
Package xcolor Info: Model `hsb' substituted by `rgb' on input line 1354.
Package xcolor Info: Model `RGB' extended on input line 1366.
Package xcolor Info: Model `HTML' substituted by `rgb' on input line 1368.
Package xcolor Info: Model `Hsb' substituted by `hsb' on input line 1369.
Package xcolor Info: Model `tHsb' substituted by `hsb' on input line 1370.
Package xcolor Info: Model `HSB' substituted by `hsb' on input line 1371.
Package xcolor Info: Model `Gray' substituted by `gray' on input line 1372.
Package xcolor Info: Model `wave' substituted by `hsb' on input line 1373.
)
(C:\Users\Hp\New folder\New folder\tex/generic/pgf/basiclayer\pgfcore.code.tex
Package: pgfcore 2023-01-15 v3.1.10 (3.1.10)

(C:\Users\Hp\New folder\New folder\tex/generic/pgf/math\pgfmath.code.tex
(C:\Users\Hp\New folder\New folder\tex/generic/pgf/math\pgfmathutil.code.tex)
(C:\Users\Hp\New folder\New folder\tex/generic/pgf/math\pgfmathparser.code.tex
\pgfmath@dimen=\dimen163
\pgfmath@count=\count271
\pgfmath@box=\box52
\pgfmath@toks=\toks26
\pgfmath@stack@operand=\toks27
\pgfmath@stack@operation=\toks28
)
(C:\Users\Hp\New folder\New folder\tex/generic/pgf/math\pgfmathfunctions.code.t
ex)
(C:\Users\Hp\New folder\New folder\tex/generic/pgf/math\pgfmathfunctions.basic.
code.tex)
(C:\Users\Hp\New folder\New folder\tex/generic/pgf/math\pgfmathfunctions.trigon
ometric.code.tex)
(C:\Users\Hp\New folder\New folder\tex/generic/pgf/math\pgfmathfunctions.random
.code.tex)
(C:\Users\Hp\New folder\New folder\tex/generic/pgf/math\pgfmathfunctions.compar
ison.code.tex)
(C:\Users\Hp\New folder\New folder\tex/generic/pgf/math\pgfmathfunctions.base.c
ode.tex)
(C:\Users\Hp\New folder\New folder\tex/generic/pgf/math\pgfmathfunctions.round.
code.tex)
(C:\Users\Hp\New folder\New folder\tex/generic/pgf/math\pgfmathfunctions.misc.c
ode.tex)
(C:\Users\Hp\New folder\New folder\tex/generic/pgf/math\pgfmathfunctions.intege
rarithmetics.code.tex)
(C:\Users\Hp\New folder\New folder\tex/generic/pgf/math\pgfmathcalc.code.tex)
(C:\Users\Hp\New folder\New folder\tex/generic/pgf/math\pgfmathfloat.code.tex
\c@pgfmathroundto@lastzeros=\count272
)) (C:\Users\Hp\New folder\New folder\tex/generic/pgf/math\pgfint.code.tex)
(C:\Users\Hp\New folder\New folder\tex/generic/pgf/basiclayer\pgfcorepoints.cod
e.tex
File: pgfcorepoints.code.tex 2023-01-15 v3.1.10 (3.1.10)
\pgf@picminx=\dimen164
\pgf@picmaxx=\dimen165
\pgf@picminy=\dimen166
\pgf@picmaxy=\dimen167
\pgf@pathminx=\dimen168
\pgf@pathmaxx=\dimen169
\pgf@pathminy=\dimen170
\pgf@pathmaxy=\dimen171
\pgf@xx=\dimen172
\pgf@xy=\dimen173
\pgf@yx=\dimen174
\pgf@yy=\dimen175
\pgf@zx=\dimen176
\pgf@zy=\dimen177
)
(C:\Users\Hp\New folder\New folder\tex/generic/pgf/basiclayer\pgfcorepathconstr
uct.code.tex
File: pgfcorepathconstruct.code.tex 2023-01-15 v3.1.10 (3.1.10)
\pgf@path@lastx=\dimen178
\pgf@path@lasty=\dimen179
)
(C:\Users\Hp\New folder\New folder\tex/generic/pgf/basiclayer\pgfcorepathusage.
code.tex
File: pgfcorepathusage.code.tex 2023-01-15 v3.1.10 (3.1.10)
\pgf@shorten@end@additional=\dimen180
\pgf@shorten@start@additional=\dimen181
)
(C:\Users\Hp\New folder\New folder\tex/generic/pgf/basiclayer\pgfcorescopes.cod
e.tex
File: pgfcorescopes.code.tex 2023-01-15 v3.1.10 (3.1.10)
\pgfpic=\box53
\pgf@hbox=\box54
\pgf@layerbox@main=\box55
\pgf@picture@serial@count=\count273
)
(C:\Users\Hp\New folder\New folder\tex/generic/pgf/basiclayer\pgfcoregraphicsta
te.code.tex
File: pgfcoregraphicstate.code.tex 2023-01-15 v3.1.10 (3.1.10)
\pgflinewidth=\dimen182
)
(C:\Users\Hp\New folder\New folder\tex/generic/pgf/basiclayer\pgfcoretransforma
tions.code.tex
File: pgfcoretransformations.code.tex 2023-01-15 v3.1.10 (3.1.10)
\pgf@pt@x=\dimen183
\pgf@pt@y=\dimen184
\pgf@pt@temp=\dimen185
)
(C:\Users\Hp\New folder\New folder\tex/generic/pgf/basiclayer\pgfcorequick.code
.tex
File: pgfcorequick.code.tex 2023-01-15 v3.1.10 (3.1.10)
)
(C:\Users\Hp\New folder\New folder\tex/generic/pgf/basiclayer\pgfcoreobjects.co
de.tex
File: pgfcoreobjects.code.tex 2023-01-15 v3.1.10 (3.1.10)
)
(C:\Users\Hp\New folder\New folder\tex/generic/pgf/basiclayer\pgfcorepathproces
sing.code.tex
File: pgfcorepathprocessing.code.tex 2023-01-15 v3.1.10 (3.1.10)
)
(C:\Users\Hp\New folder\New folder\tex/generic/pgf/basiclayer\pgfcorearrows.cod
e.tex
File: pgfcorearrows.code.tex 2023-01-15 v3.1.10 (3.1.10)
\pgfarrowsep=\dimen186
)
(C:\Users\Hp\New folder\New folder\tex/generic/pgf/basiclayer\pgfcoreshade.code
.tex
File: pgfcoreshade.code.tex 2023-01-15 v3.1.10 (3.1.10)
\pgf@max=\dimen187
\pgf@sys@shading@range@num=\count274
\pgf@shadingcount=\count275
)
(C:\Users\Hp\New folder\New folder\tex/generic/pgf/basiclayer\pgfcoreimage.code
.tex
File: pgfcoreimage.code.tex 2023-01-15 v3.1.10 (3.1.10)
)
(C:\Users\Hp\New folder\New folder\tex/generic/pgf/basiclayer\pgfcoreexternal.c
ode.tex
File: pgfcoreexternal.code.tex 2023-01-15 v3.1.10 (3.1.10)
\pgfexternal@startupbox=\box56
)
(C:\Users\Hp\New folder\New folder\tex/generic/pgf/basiclayer\pgfcorelayers.cod
e.tex
File: pgfcorelayers.code.tex 2023-01-15 v3.1.10 (3.1.10)
)
(C:\Users\Hp\New folder\New folder\tex/generic/pgf/basiclayer\pgfcoretransparen
cy.code.tex
File: pgfcoretransparency.code.tex 2023-01-15 v3.1.10 (3.1.10)
)
(C:\Users\Hp\New folder\New folder\tex/generic/pgf/basiclayer\pgfcorepatterns.c
ode.tex
File: pgfcorepatterns.code.tex 2023-01-15 v3.1.10 (3.1.10)
)
(C:\Users\Hp\New folder\New folder\tex/generic/pgf/basiclayer\pgfcorerdf.code.t
ex
File: pgfcorerdf.code.tex 2023-01-15 v3.1.10 (3.1.10)
)))
(C:\Users\Hp\New folder\New folder\tex/generic/pgf/modules\pgfmoduleshapes.code
.tex
File: pgfmoduleshapes.code.tex 2023-01-15 v3.1.10 (3.1.10)
\pgfnodeparttextbox=\box57
)
(C:\Users\Hp\New folder\New folder\tex/generic/pgf/modules\pgfmoduleplot.code.t
ex
File: pgfmoduleplot.code.tex 2023-01-15 v3.1.10 (3.1.10)
)
(C:\Users\Hp\New folder\New folder\tex/latex/pgf/compatibility\pgfcomp-version-
0-65.sty
Package: pgfcomp-version-0-65 2023-01-15 v3.1.10 (3.1.10)
\pgf@nodesepstart=\dimen188
\pgf@nodesepend=\dimen189
)
(C:\Users\Hp\New folder\New folder\tex/latex/pgf/compatibility\pgfcomp-version-
1-18.sty
Package: pgfcomp-version-1-18 2023-01-15 v3.1.10 (3.1.10)
))
(C:\Users\Hp\New folder\New folder\tex/latex/pgf/utilities\pgffor.sty
(C:\Users\Hp\New folder\New folder\tex/latex/pgf/utilities\pgfkeys.sty
(C:\Users\Hp\New folder\New folder\tex/generic/pgf/utilities\pgfkeys.code.tex))
(C:\Users\Hp\New folder\New folder\tex/latex/pgf/math\pgfmath.sty
(C:\Users\Hp\New folder\New folder\tex/generic/pgf/math\pgfmath.code.tex))
(C:\Users\Hp\New folder\New folder\tex/generic/pgf/utilities\pgffor.code.tex
Package: pgffor 2023-01-15 v3.1.10 (3.1.10)
\pgffor@iter=\dimen190
\pgffor@skip=\dimen191
\pgffor@stack=\toks29
\pgffor@toks=\toks30
))
(C:\Users\Hp\New folder\New folder\tex/generic/pgf/frontendlayer/tikz\tikz.code
.tex
Package: tikz 2023-01-15 v3.1.10 (3.1.10)

(C:\Users\Hp\New folder\New folder\tex/generic/pgf/libraries\pgflibraryplothand
lers.code.tex
File: pgflibraryplothandlers.code.tex 2023-01-15 v3.1.10 (3.1.10)
\pgf@plot@mark@count=\count276
\pgfplotmarksize=\dimen192
)
\tikz@lastx=\dimen193
\tikz@lasty=\dimen194
\tikz@lastxsaved=\dimen195
\tikz@lastysaved=\dimen196
\tikz@lastmovetox=\dimen197
\tikz@lastmovetoy=\dimen198
\tikzleveldistance=\dimen199
\tikzsiblingdistance=\dimen256
\tikz@figbox=\box58
\tikz@figbox@bg=\box59
\tikz@tempbox=\box60
\tikz@tempbox@bg=\box61
\tikztreelevel=\count277
\tikznumberofchildren=\count278
\tikznumberofcurrentchild=\count279
\tikz@fig@count=\count280

(C:\Users\Hp\New folder\New folder\tex/generic/pgf/modules\pgfmodulematrix.code
.tex
File: pgfmodulematrix.code.tex 2023-01-15 v3.1.10 (3.1.10)
\pgfmatrixcurrentrow=\count281
\pgfmatrixcurrentcolumn=\count282
\pgf@matrix@numberofcolumns=\count283
)
\tikz@expandcount=\count284

(C:\Users\Hp\New folder\New folder\tex/generic/pgf/frontendlayer/tikz/libraries
\tikzlibrarytopaths.code.tex
File: tikzlibrarytopaths.code.tex 2023-01-15 v3.1.10 (3.1.10)
)))
(C:\Users\Hp\New folder\New folder\tex/generic/pgf/frontendlayer/tikz/libraries
\tikzlibraryshapes.geometric.code.tex
File: tikzlibraryshapes.geometric.code.tex 2023-01-15 v3.1.10 (3.1.10)

(C:\Users\Hp\New folder\New folder\tex/generic/pgf/libraries/shapes\pgflibrarys
hapes.geometric.code.tex
File: pgflibraryshapes.geometric.code.tex 2023-01-15 v3.1.10 (3.1.10)
))
(C:\Users\Hp\New folder\New folder\tex/generic/pgf/frontendlayer/tikz/libraries
\tikzlibraryarrows.code.tex
File: tikzlibraryarrows.code.tex 2023-01-15 v3.1.10 (3.1.10)

(C:\Users\Hp\New folder\New folder\tex/generic/pgf/libraries\pgflibraryarrows.c
ode.tex
File: pgflibraryarrows.code.tex 2023-01-15 v3.1.10 (3.1.10)
\arrowsize=\dimen257
))
(C:\Users\Hp\New folder\New folder\tex/generic/pgf/frontendlayer/tikz/libraries
\tikzlibrarypositioning.code.tex
File: tikzlibrarypositioning.code.tex 2023-01-15 v3.1.10 (3.1.10)
)
(C:\Users\Hp\New folder\New folder\tex/generic/pgf/frontendlayer/tikz/libraries
\tikzlibraryfit.code.tex
File: tikzlibraryfit.code.tex 2023-01-15 v3.1.10 (3.1.10)
)
(C:\Users\Hp\New folder\New folder\tex/generic/pgf/frontendlayer/tikz/libraries
\tikzlibrarybackgrounds.code.tex
File: tikzlibrarybackgrounds.code.tex 2023-01-15 v3.1.10 (3.1.10)
\pgf@layerbox@background=\box62
\pgf@layerboxsaved@background=\box63
)
(C:\Users\Hp\New folder\New folder\tex/latex/enumitem\enumitem.sty
Package: enumitem 2025/02/06 v3.11 Customized lists
\labelindent=\skip50
\enit@outerparindent=\dimen258
\enit@toks=\toks31
\enit@inbox=\box64
\enit@count@id=\count285
\enitdp@description=\count286
)
(C:\Users\Hp\New folder\New folder\tex/latex/booktabs\booktabs.sty
Package: booktabs 2020/01/12 v1.61803398 Publication quality tables
\heavyrulewidth=\dimen259
\lightrulewidth=\dimen260
\cmidrulewidth=\dimen261
\belowrulesep=\dimen262
\belowbottomsep=\dimen263
\aboverulesep=\dimen264
\abovetopsep=\dimen265
\cmidrulesep=\dimen266
\cmidrulekern=\dimen267
\defaultaddspace=\dimen268
\@cmidla=\count287
\@cmidlb=\count288
\@aboverulesep=\dimen269
\@belowrulesep=\dimen270
\@thisruleclass=\count289
\@lastruleclass=\count290
\@thisrulewidth=\dimen271
)

! LaTeX Error: File `fancyhdr.sty' not found.

Type X to quit or <RETURN> to proceed,
or enter new name. (Default extension: sty)

Enter file name: 
! Emergency stop.
<read *> 
         
l.9 \usepackage
               {hyperref}^^M
*** (cannot \read from terminal in nonstop modes)

 
Here is how much of TeX's memory you used:
 13219 strings out of 474486
 281258 string characters out of 5748890
 1924542 words of memory out of 5000000
 35320 multiletter control sequences out of 15000+600000
 558367 words of font info for 37 fonts, out of 8000000 for 9000
 1141 hyphenation exceptions out of 8191
 84i,0n,93p,477b,90s stack positions out of 10000i,1000n,20000p,200000b,200000s
!  ==> Fatal error occurred, no output PDF file produced!
